<?xml version="1.0" encoding="UTF-8"?>
<testng-results ignored="0" total="4" passed="4" failed="0" skipped="0">
  <reporter-output>
  </reporter-output>
  <suite started-at="2025-01-04T18:58:34 IST" name="Default suite" finished-at="2025-01-04T18:58:53 IST" duration-ms="19412">
    <groups>
      <group name="cucumber">
        <method signature="AbstractTestNGCucumberTests.runScenario(io.cucumber.testng.PickleWrapper,io.cucumber.testng.FeatureWrapper)[pri:0, instance:com.ecommerce.runner.TestRunner@6fa34d52]" name="runScenario" class="io.cucumber.testng.AbstractTestNGCucumberTests"/>
      </group> <!-- cucumber -->
    </groups>
    <test started-at="2025-01-04T18:58:34 IST" name="Default test" finished-at="2025-01-04T18:58:53 IST" duration-ms="19412">
      <class name="com.ecommerce.runner.TestRunner">
        <test-method is-config="true" signature="setUpClass(org.testng.ITestContext)[pri:0, instance:com.ecommerce.runner.TestRunner@6fa34d52]" started-at="2025-01-04T18:58:34 IST" name="setUpClass" finished-at="2025-01-04T18:58:35 IST" duration-ms="770" status="PASS">
          <params>
            <param index="0">
              <value>
                <![CDATA[org.testng.TestRunner@161dd92a]]>
              </value>
            </param>
          </params>
          <reporter-output>
          </reporter-output>
        </test-method> <!-- setUpClass -->
        <test-method signature="runScenario(io.cucumber.testng.PickleWrapper,io.cucumber.testng.FeatureWrapper)[pri:0, instance:com.ecommerce.runner.TestRunner@6fa34d52]" started-at="2025-01-04T18:58:35 IST" name="runScenario" description="Runs Cucumber Scenarios" data-provider="scenarios" finished-at="2025-01-04T18:58:48 IST" duration-ms="13400" status="PASS">
          <params>
            <param index="0">
              <value>
                <![CDATA["Validate error message when provided incorrect username and password"]]>
              </value>
            </param>
            <param index="1">
              <value>
                <![CDATA["Validate Error Message functionality"]]>
              </value>
            </param>
          </params>
          <reporter-output>
          </reporter-output>
        </test-method> <!-- runScenario -->
        <test-method signature="runScenario(io.cucumber.testng.PickleWrapper,io.cucumber.testng.FeatureWrapper)[pri:0, instance:com.ecommerce.runner.TestRunner@6fa34d52]" started-at="2025-01-04T18:58:35 IST" name="runScenario" description="Runs Cucumber Scenarios" data-provider="scenarios" finished-at="2025-01-04T18:58:51 IST" duration-ms="16502" status="PASS">
          <params>
            <param index="0">
              <value>
                <![CDATA["Validate placing single order functionality and confirmation message"]]>
              </value>
            </param>
            <param index="1">
              <value>
                <![CDATA["Validate order placing functionality"]]>
              </value>
            </param>
          </params>
          <reporter-output>
          </reporter-output>
        </test-method> <!-- runScenario -->
        <test-method signature="runScenario(io.cucumber.testng.PickleWrapper,io.cucumber.testng.FeatureWrapper)[pri:0, instance:com.ecommerce.runner.TestRunner@6fa34d52]" started-at="2025-01-04T18:58:35 IST" name="runScenario" description="Runs Cucumber Scenarios" data-provider="scenarios" finished-at="2025-01-04T18:58:40 IST" duration-ms="4824" status="PASS">
          <params>
            <param index="0">
              <value>
                <![CDATA["Validate the quantity and status for the item is as expected"]]>
              </value>
            </param>
            <param index="1">
              <value>
                <![CDATA["Validate the ItemDetails database is up and able to retrieve data"]]>
              </value>
            </param>
          </params>
          <reporter-output>
          </reporter-output>
        </test-method> <!-- runScenario -->
        <test-method signature="runScenario(io.cucumber.testng.PickleWrapper,io.cucumber.testng.FeatureWrapper)[pri:0, instance:com.ecommerce.runner.TestRunner@6fa34d52]" started-at="2025-01-04T18:58:35 IST" name="runScenario" description="Runs Cucumber Scenarios" data-provider="scenarios" finished-at="2025-01-04T18:58:42 IST" duration-ms="7075" status="PASS">
          <params>
            <param index="0">
              <value>
                <![CDATA["Validate able to add a new place Id via Store API"]]>
              </value>
            </param>
            <param index="1">
              <value>
                <![CDATA["Validate the Store Api is heathly and able to fetch and modify resource"]]>
              </value>
            </param>
          </params>
          <reporter-output>
          </reporter-output>
        </test-method> <!-- runScenario -->
        <test-method is-config="true" signature="tearDownClass()[pri:0, instance:com.ecommerce.runner.TestRunner@6fa34d52]" started-at="2025-01-04T18:58:51 IST" name="tearDownClass" finished-at="2025-01-04T18:58:53 IST" duration-ms="2076" status="PASS">
          <reporter-output>
          </reporter-output>
        </test-method> <!-- tearDownClass -->
      </class> <!-- com.ecommerce.runner.TestRunner -->
    </test> <!-- Default test -->
  </suite> <!-- Default suite -->
</testng-results>
